2011-01-15 21:44:53: (log.c.166) server started 
2011-01-15 21:44:53: (log.c.118) opening errorlog '/var/www/unleashed.anasta.si/log/access.log' failed: No such file or directory
2011-01-15 21:44:53: (server.c.931) Configuration of plugins failed. Going down. 
2011-01-15 21:57:42: (log.c.166) server started 
2011-01-15 21:57:42: (log.c.118) opening errorlog '/var/www/unleashed.anasta.si/log/access.log' failed: Not a directory
2011-01-15 21:57:42: (server.c.931) Configuration of plugins failed. Going down. 
2011-01-15 21:58:33: (log.c.166) server started 
2011-01-18 00:20:54: (server.c.1503) server stopped by UID = 0 PID = 29586 
2011-01-18 00:20:55: (log.c.166) server started 
2011-01-18 00:30:43: (server.c.1503) server stopped by UID = 0 PID = 29916 
2011-01-18 00:30:44: (log.c.166) server started 
2011-01-18 00:32:33: (server.c.1503) server stopped by UID = 0 PID = 29957 
2011-01-18 00:32:34: (log.c.166) server started 
2011-01-18 00:33:02: (server.c.1503) server stopped by UID = 0 PID = 29996 
2011-01-18 00:33:02: (log.c.166) server started 
2011-01-18 00:33:21: (server.c.1503) server stopped by UID = 0 PID = 30035 
2011-01-18 00:33:21: (log.c.166) server started 
2011-01-18 00:33:47: (server.c.1503) server stopped by UID = 0 PID = 30074 
2011-01-18 00:33:48: (log.c.166) server started 
2011-01-18 00:36:46: (server.c.1503) server stopped by UID = 0 PID = 30114 
2011-01-18 00:36:47: (log.c.166) server started 
2011-01-18 00:37:24: (server.c.1503) server stopped by UID = 0 PID = 30153 
2011-01-18 00:37:25: (log.c.166) server started 
2011-01-18 00:38:12: (server.c.1503) server stopped by UID = 0 PID = 30192 
2011-01-18 00:38:13: (log.c.166) server started 
2011-01-18 00:39:39: (server.c.1503) server stopped by UID = 0 PID = 30232 
2011-01-18 00:39:39: (log.c.166) server started 
2011-01-18 00:40:12: (server.c.1503) server stopped by UID = 0 PID = 30271 
2011-01-18 00:40:13: (log.c.166) server started 
2011-01-18 00:40:29: (server.c.1503) server stopped by UID = 0 PID = 30310 
2011-01-18 00:40:30: (log.c.166) server started 
2011-01-18 00:41:20: (server.c.1503) server stopped by UID = 0 PID = 30349 
2011-01-18 00:41:20: (log.c.166) server started 
2011-01-18 01:29:37: (server.c.1503) server stopped by UID = 0 PID = 30737 
2011-01-18 01:29:37: (log.c.166) server started 
2011-01-18 01:29:49: (server.c.1503) server stopped by UID = 0 PID = 30776 
2011-01-18 01:29:49: (log.c.166) server started 
2011-01-18 01:30:30: (server.c.1503) server stopped by UID = 0 PID = 30815 
2011-01-18 01:30:30: (log.c.166) server started 
2011-01-18 01:30:51: (server.c.1503) server stopped by UID = 0 PID = 30854 
2011-01-18 01:30:52: (log.c.166) server started 
2011-01-18 01:31:04: (server.c.1503) server stopped by UID = 0 PID = 30893 
2011-01-18 01:31:05: (log.c.166) server started 
2011-01-18 01:31:26: (server.c.1503) server stopped by UID = 0 PID = 30932 
2011-01-18 01:31:27: (log.c.166) server started 
2011-01-18 01:31:41: (server.c.1503) server stopped by UID = 0 PID = 30971 
2011-01-18 01:31:41: (log.c.166) server started 
2011-01-18 01:32:10: (server.c.1503) server stopped by UID = 0 PID = 31010 
2011-01-18 01:32:10: (log.c.166) server started 
2011-01-18 01:32:25: (server.c.1503) server stopped by UID = 0 PID = 31049 
2011-01-18 01:32:25: (log.c.166) server started 
2011-01-18 01:34:37: (server.c.1503) server stopped by UID = 0 PID = 31089 
2011-01-18 01:34:38: (log.c.166) server started 
2011-01-18 01:36:05: (server.c.1503) server stopped by UID = 0 PID = 31129 
2011-01-18 01:36:06: (log.c.166) server started 
2011-01-18 01:36:15: (server.c.1503) server stopped by UID = 0 PID = 31168 
2011-01-18 01:36:16: (log.c.166) server started 
2011-01-18 01:36:36: (server.c.1503) server stopped by UID = 0 PID = 31207 
2011-01-18 01:36:36: (log.c.166) server started 
2011-01-18 01:37:27: (server.c.1503) server stopped by UID = 0 PID = 31253 
2011-01-18 01:37:28: (log.c.166) server started 
2011-01-18 01:37:28: (server.c.954) WARNING: unknown config-key: url.redirect-code (ignored) 
2011-01-18 01:38:17: (server.c.1503) server stopped by UID = 0 PID = 31292 
2011-01-18 01:38:18: (log.c.166) server started 
2011-01-18 01:38:18: (server.c.954) WARNING: unknown config-key: url.redirect-code (ignored) 
2011-01-18 01:38:41: (server.c.1503) server stopped by UID = 0 PID = 31331 
2011-01-18 01:38:41: (log.c.166) server started 
2011-01-18 01:38:41: (server.c.954) WARNING: unknown config-key: url.redirect-code (ignored) 
2011-01-18 01:39:00: (server.c.1503) server stopped by UID = 0 PID = 31370 
2011-01-18 01:39:00: (log.c.166) server started 
2011-01-18 01:39:00: (server.c.954) WARNING: unknown config-key: url.redirect-code (ignored) 
2011-01-18 01:39:16: (server.c.1503) server stopped by UID = 0 PID = 31409 
2011-01-18 01:39:17: (log.c.166) server started 
2011-01-18 01:39:17: (server.c.954) WARNING: unknown config-key: url.redirect-code (ignored) 
2011-01-18 01:40:18: (server.c.1503) server stopped by UID = 0 PID = 31449 
2011-01-18 01:40:19: (log.c.166) server started 
2011-01-18 01:40:19: (server.c.954) WARNING: unknown config-key: url.redirect-code (ignored) 
2011-01-18 01:40:44: (server.c.1503) server stopped by UID = 0 PID = 31488 
2011-01-18 01:40:45: (log.c.166) server started 
2011-01-18 01:40:45: (server.c.954) WARNING: unknown config-key: url.redirect-code (ignored) 
2011-01-18 01:41:08: (server.c.1503) server stopped by UID = 0 PID = 31527 
2011-01-18 01:41:09: (log.c.166) server started 
2011-01-18 01:41:09: (server.c.954) WARNING: unknown config-key: url.redirect-code (ignored) 
2011-01-18 01:41:25: (server.c.1503) server stopped by UID = 0 PID = 31566 
2011-01-18 01:41:25: (log.c.166) server started 
2011-01-18 01:41:25: (server.c.954) WARNING: unknown config-key: url.redirect-code (ignored) 
2011-01-18 01:41:38: (server.c.1503) server stopped by UID = 0 PID = 31605 
2011-01-18 01:41:39: (log.c.166) server started 
2011-01-18 01:41:39: (server.c.954) WARNING: unknown config-key: url.redirect-code (ignored) 
2011-01-18 01:42:26: (server.c.1503) server stopped by UID = 0 PID = 31644 
2011-01-18 01:42:27: (log.c.166) server started 
2011-01-18 01:42:27: (server.c.954) WARNING: unknown config-key: url.redirect-code (ignored) 
2011-01-18 01:43:43: (server.c.1503) server stopped by UID = 0 PID = 31684 
2011-01-18 01:43:44: (log.c.166) server started 
2011-01-18 01:43:44: (server.c.954) WARNING: unknown config-key: url.redirect-code (ignored) 
2011-01-18 01:44:20: (server.c.1503) server stopped by UID = 0 PID = 31723 
2011-01-18 01:44:20: (log.c.166) server started 
2011-01-18 01:44:20: (server.c.954) WARNING: unknown config-key: url.redirect-code (ignored) 
2011-01-18 06:46:07: (server.c.1503) server stopped by UID = 0 PID = 820 
2011-01-18 06:46:08: (log.c.166) server started 
2011-01-18 06:46:08: (server.c.954) WARNING: unknown config-key: url.redirect-code (ignored) 
2011-01-22 23:48:06: (server.c.1503) server stopped by UID = 0 PID = 11192 
2011-01-22 23:48:07: (log.c.166) server started 
2011-02-18 22:28:28: (log.c.166) server started 
2011-03-01 00:11:05: (server.c.1503) server stopped by UID = 0 PID = 17035 
2011-03-01 00:11:05: (log.c.166) server started 
2011-03-01 05:21:10: (server.c.1503) server stopped by UID = 0 PID = 20201 
2011-03-01 05:21:11: (log.c.166) server started 
